TN:
SF:src/analytics.ts
FN:18,sanitizePayload
FN:24,trackEvent
FNF:2
FNH:2
FNDA:1,sanitizePayload
FNDA:2,trackEvent
DA:1,1
DA:2,1
DA:3,1
DA:4,1
DA:5,1
DA:6,1
DA:7,1
DA:8,1
DA:9,1
DA:10,1
DA:16,1
DA:18,1
DA:19,1
DA:20,1
DA:21,1
DA:22,1
DA:24,1
DA:25,2
DA:26,2
DA:27,2
DA:28,2
DA:29,2
DA:30,1
DA:31,1
DA:33,1
DA:34,1
DA:35,1
LF:27
LH:27
BRDA:18,0,0,1
BRDA:20,1,0,4
BRDA:24,2,0,2
BRDA:29,3,0,1
BRDA:29,4,0,1
BRF:5
BRH:5
end_of_record
TN:
SF:src/app-helpers.ts
FN:13,estimateWeightFromAge
FN:34,dobToAgeMonths
FN:44,defaultFoodState
FN:63,normalizeFoodSelection
FNF:4
FNH:4
FNDA:13,estimateWeightFromAge
FNDA:6,dobToAgeMonths
FNDA:3,defaultFoodState
FNDA:7,normalizeFoodSelection
DA:1,1
DA:6,1
DA:13,1
DA:14,13
DA:15,13
DA:16,2
DA:17,11
DA:18,1
DA:19,10
DA:20,1
DA:21,9
DA:22,1
DA:23,8
DA:24,2
DA:25,6
DA:26,1
DA:27,5
DA:28,2
DA:29,3
DA:30,13
DA:31,13
DA:32,13
DA:34,1
DA:35,6
DA:36,5
DA:37,6
DA:38,4
DA:39,4
DA:40,4
DA:41,4
DA:42,4
DA:44,1
DA:45,3
DA:46,3
DA:47,3
DA:48,3
DA:49,3
DA:50,3
DA:51,3
DA:52,3
DA:53,3
DA:54,3
DA:55,3
DA:56,3
DA:57,3
DA:58,3
DA:59,3
DA:60,3
DA:61,3
DA:63,1
DA:64,7
DA:65,7
DA:66,7
DA:67,7
DA:68,7
DA:69,7
DA:71,7
DA:72,1
DA:73,1
DA:74,1
DA:76,7
DA:77,7
DA:78,7
DA:79,1
DA:80,1
DA:81,1
DA:82,7
DA:83,7
DA:84,1
DA:85,1
DA:86,1
DA:87,7
DA:88,7
DA:89,7
DA:90,1
DA:91,1
DA:92,1
DA:93,7
DA:94,7
DA:95,1
DA:96,1
DA:98,7
DA:99,7
DA:100,7
DA:101,7
DA:102,7
DA:103,7
DA:104,7
DA:105,7
DA:106,7
DA:107,7
DA:108,7
DA:109,7
LF:93
LH:93
BRDA:13,0,0,13
BRDA:15,1,0,2
BRDA:16,2,0,11
BRDA:17,3,0,1
BRDA:18,4,0,10
BRDA:19,5,0,1
BRDA:20,6,0,9
BRDA:21,7,0,1
BRDA:22,8,0,8
BRDA:23,9,0,2
BRDA:24,10,0,6
BRDA:25,11,0,1
BRDA:26,12,0,5
BRDA:27,13,0,2
BRDA:28,14,0,3
BRDA:30,15,0,0
BRDA:34,16,0,6
BRDA:35,17,0,1
BRDA:35,18,0,5
BRDA:37,19,0,1
BRDA:37,20,0,4
BRDA:44,21,0,3
BRDA:46,22,0,1
BRDA:48,23,0,0
BRDA:49,24,0,0
BRDA:51,25,0,0
BRDA:46,26,0,4
BRDA:63,27,0,7
BRDA:71,28,0,1
BRDA:76,29,0,0
BRDA:78,30,0,1
BRDA:79,31,0,0
BRDA:83,32,0,1
BRDA:87,33,0,0
BRDA:89,34,0,1
BRDA:89,35,0,1
BRDA:94,36,0,1
BRDA:78,37,0,8
BRDA:89,38,0,2
BRF:39
BRH:32
end_of_record
TN:
SF:src/config.ts
FN:50,today
FN:70,getDefaults
FN:74,parseBoolean
FN:86,parseInteger
FN:106,parseFloatInRange
FN:126,parseConfigWithCorrections
FN:130,markCorrection
FN:182,parseConfigFromSearch
FN:186,parsePlannerStateFromSearch
FN:195,markCorrection
FN:315,serializeConfigToSearch
FN:336,serializePlannerStateToSearch
FNF:12
FNH:10
FNDA:16,today
FNDA:15,getDefaults
FNDA:24,parseBoolean
FNDA:24,parseInteger
FNDA:18,parseFloatInRange
FNDA:6,parseConfigWithCorrections
FNDA:4,markCorrection
FNDA:0,parseConfigFromSearch
FNDA:6,parsePlannerStateFromSearch
FNDA:9,markCorrection
FNDA:0,serializeConfigToSearch
FNDA:4,serializePlannerStateToSearch
DA:50,1
DA:51,16
DA:52,16
DA:53,16
DA:55,1
DA:56,1
DA:57,1
DA:58,1
DA:59,1
DA:60,1
DA:61,1
DA:62,1
DA:63,1
DA:64,1
DA:65,1
DA:66,1
DA:67,1
DA:68,1
DA:70,1
DA:71,15
DA:72,15
DA:74,24
DA:75,24
DA:76,24
DA:77,24
DA:78,24
DA:79,24
DA:80,24
DA:81,24
DA:82,2
DA:83,2
DA:84,2
DA:86,24
DA:87,24
DA:88,24
DA:89,24
DA:90,24
DA:91,24
DA:92,24
DA:93,24
DA:94,9
DA:95,24
DA:96,0
DA:97,0
DA:98,0
DA:99,24
DA:100,4
DA:101,4
DA:102,4
DA:103,5
DA:104,5
DA:106,18
DA:107,18
DA:108,18
DA:109,18
DA:110,18
DA:111,18
DA:112,18
DA:113,18
DA:114,3
DA:115,18
DA:116,0
DA:117,0
DA:118,0
DA:119,18
DA:120,1
DA:121,1
DA:122,1
DA:123,2
DA:124,2
DA:126,6
DA:127,6
DA:128,6
DA:129,6
DA:130,6
DA:131,4
DA:132,4
DA:134,6
DA:135,6
DA:136,6
DA:137,6
DA:138,6
DA:139,4
DA:140,2
DA:141,1
DA:142,1
DA:143,6
DA:144,6
DA:145,6
DA:146,6
DA:147,6
DA:148,6
DA:149,6
DA:150,6
DA:151,6
DA:152,6
DA:153,6
DA:154,6
DA:155,6
DA:156,6
DA:157,6
DA:158,6
DA:159,6
DA:160,6
DA:161,6
DA:163,6
DA:164,6
DA:165,6
DA:166,6
DA:167,6
DA:168,6
DA:169,6
DA:170,6
DA:171,6
DA:172,6
DA:173,6
DA:174,6
DA:175,6
DA:176,6
DA:177,6
DA:178,6
DA:179,6
DA:180,6
DA:182,1
DA:183,0
DA:184,0
DA:186,1
DA:187,6
DA:188,6
DA:189,6
DA:192,6
DA:193,6
DA:194,6
DA:195,6
DA:196,9
DA:197,9
DA:199,6
DA:200,6
DA:201,6
DA:202,3
DA:203,3
DA:204,2
DA:205,1
DA:207,6
DA:208,6
DA:209,2
DA:210,4
DA:211,6
DA:213,6
DA:214,6
DA:215,2
DA:216,4
DA:217,6
DA:218,6
DA:219,6
DA:220,6
DA:221,6
DA:222,6
DA:223,6
DA:224,6
DA:225,1
DA:226,5
DA:227,6
DA:228,6
DA:230,6
DA:231,6
DA:232,1
DA:233,5
DA:234,6
DA:236,6
DA:237,6
DA:238,6
DA:239,6
DA:240,6
DA:241,6
DA:242,6
DA:244,6
DA:245,6
DA:246,6
DA:247,6
DA:248,6
DA:249,6
DA:250,6
DA:251,6
DA:252,6
DA:253,6
DA:254,6
DA:255,6
DA:256,6
DA:257,6
DA:259,6
DA:260,6
DA:261,6
DA:262,4
DA:263,2
DA:264,1
DA:265,1
DA:267,6
DA:268,6
DA:269,6
DA:270,6
DA:271,6
DA:273,6
DA:274,6
DA:275,6
DA:276,4
DA:277,2
DA:278,2
DA:279,2
DA:280,1
DA:281,1
DA:282,1
DA:284,6
DA:285,6
DA:286,6
DA:287,4
DA:288,2
DA:289,1
DA:290,1
DA:292,6
DA:293,6
DA:294,6
DA:295,6
DA:296,6
DA:297,6
DA:298,6
DA:299,6
DA:300,6
DA:301,6
DA:302,6
DA:303,6
DA:304,6
DA:305,6
DA:306,6
DA:307,6
DA:308,6
DA:309,6
DA:310,6
DA:311,6
DA:312,6
DA:313,6
DA:315,1
DA:316,0
DA:317,0
DA:318,0
DA:319,0
DA:320,0
DA:321,0
DA:322,0
DA:323,0
DA:324,0
DA:325,0
DA:326,0
DA:327,0
DA:328,0
DA:329,0
DA:330,0
DA:331,0
DA:332,0
DA:333,0
DA:334,0
DA:336,1
DA:337,4
DA:338,4
DA:339,4
DA:340,4
DA:341,4
DA:342,4
DA:345,4
DA:346,4
DA:347,4
DA:348,4
DA:349,4
DA:350,4
DA:351,4
DA:352,4
DA:353,4
DA:354,4
DA:355,0
DA:356,0
DA:357,0
DA:358,0
DA:360,4
DA:361,4
DA:362,4
DA:363,4
DA:364,4
DA:365,4
DA:366,4
DA:367,4
DA:368,4
DA:369,4
DA:370,4
DA:371,4
DA:372,4
DA:373,4
DA:374,4
DA:375,4
DA:376,4
DA:378,4
DA:379,4
DA:380,4
LF:302
LH:271
BRDA:50,0,0,16
BRDA:70,1,0,15
BRDA:74,2,0,24
BRDA:79,3,0,5
BRDA:79,4,0,19
BRDA:79,5,0,5
BRDA:80,6,0,3
BRDA:80,7,0,3
BRDA:80,8,0,2
BRDA:80,9,0,3
BRDA:81,10,0,3
BRDA:81,11,0,1
BRDA:81,12,0,2
BRDA:86,13,0,24
BRDA:93,14,0,15
BRDA:93,15,0,9
BRDA:95,16,0,0
BRDA:98,17,0,9
BRDA:99,18,0,8
BRDA:99,19,0,4
BRDA:102,20,0,5
BRDA:106,21,0,18
BRDA:113,22,0,15
BRDA:113,23,0,3
BRDA:115,24,0,0
BRDA:118,25,0,3
BRDA:119,26,0,2
BRDA:119,27,0,1
BRDA:122,28,0,2
BRDA:126,29,0,6
BRDA:134,30,0,3
BRDA:135,31,0,4
BRDA:135,32,0,1
BRDA:135,33,0,1
BRDA:138,34,0,4
BRDA:139,35,0,2
BRDA:140,36,0,1
BRDA:141,37,0,1
BRDA:144,38,0,4
BRDA:165,39,0,4
BRDA:165,40,0,5
BRDA:165,41,0,1
BRDA:166,42,0,3
BRDA:130,43,0,4
BRDA:186,44,0,6
BRDA:201,45,0,3
BRDA:202,46,0,3
BRDA:203,47,0,2
BRDA:203,48,0,2
BRDA:203,49,0,2
BRDA:204,50,0,1
BRDA:208,51,0,2
BRDA:208,52,0,2
BRDA:209,53,0,4
BRDA:211,54,0,2
BRDA:211,55,0,0
BRDA:214,56,0,2
BRDA:214,57,0,2
BRDA:215,58,0,4
BRDA:217,59,0,2
BRDA:217,60,0,0
BRDA:224,61,0,1
BRDA:224,62,0,1
BRDA:225,63,0,5
BRDA:227,64,0,1
BRDA:228,65,0,0
BRDA:231,66,0,1
BRDA:231,67,0,1
BRDA:232,68,0,5
BRDA:234,69,0,1
BRDA:234,70,0,0
BRDA:261,71,0,4
BRDA:262,72,0,2
BRDA:263,73,0,1
BRDA:264,74,0,1
BRDA:275,75,0,4
BRDA:276,76,0,2
BRDA:279,77,0,1
BRDA:280,78,0,1
BRDA:281,79,0,1
BRDA:286,80,0,4
BRDA:287,81,0,2
BRDA:288,82,0,1
BRDA:289,83,0,1
BRDA:195,84,0,9
BRDA:336,85,0,4
BRDA:345,86,0,1
BRDA:347,87,0,1
BRDA:348,88,0,1
BRDA:349,89,0,0
BRDA:350,90,0,1
BRDA:350,91,0,0
BRDA:351,92,0,0
BRDA:352,93,0,0
BRDA:353,94,0,0
BRDA:354,95,0,0
BRDA:360,96,0,1
BRDA:362,97,0,1
BRDA:363,98,0,1
BRDA:364,99,0,1
BRDA:364,100,0,0
BRDA:366,101,0,1
BRDA:367,102,0,1
BRDA:369,103,0,1
BRDA:370,104,0,1
BRDA:371,105,0,1
BRDA:373,106,0,0
BRDA:374,107,0,1
BRDA:374,108,0,0
BRDA:375,109,0,0
BRDA:376,110,0,0
BRDA:379,111,0,0
BRF:112
BRH:94
end_of_record
TN:
SF:src/i18n.ts
FN:19,normalizeLang
FN:24,loadLocale
FN:82,loadI18n
FN:106,tr
FNF:4
FNH:4
FNDA:3,normalizeLang
FNDA:2,loadLocale
FNDA:1,loadI18n
FNDA:937,tr
DA:16,1
DA:17,1
DA:19,1
DA:20,3
DA:21,3
DA:22,3
DA:24,2
DA:25,2
DA:26,2
DA:27,2
DA:28,0
DA:29,0
DA:30,2
DA:31,2
DA:32,2
DA:33,2
DA:37,2
DA:38,2
DA:39,2
DA:40,2
DA:41,2
DA:42,0
DA:43,0
DA:44,0
DA:45,0
DA:46,0
DA:47,0
DA:48,0
DA:49,0
DA:50,0
DA:55,0
DA:56,0
DA:57,0
DA:58,0
DA:59,0
DA:60,0
DA:61,0
DA:62,0
DA:63,0
DA:64,0
DA:65,0
DA:66,0
DA:67,0
DA:68,0
DA:69,2
DA:70,2
DA:71,0
DA:73,2
DA:74,2
DA:75,2
DA:76,2
DA:77,2
DA:78,0
DA:79,0
DA:80,2
DA:82,1
DA:83,1
DA:84,1
DA:86,1
DA:87,1
DA:88,1
DA:89,1
DA:91,1
DA:92,0
DA:93,0
DA:95,1
DA:96,1
DA:97,1
DA:98,1
DA:99,1
DA:100,1
DA:101,0
DA:102,1
DA:103,1
DA:104,1
DA:106,1
DA:107,937
DA:108,937
DA:109,937
DA:110,937
DA:111,937
DA:112,937
DA:113,937
DA:114,937
DA:115,937
DA:116,937
LF:86
LH:55
BRDA:19,0,0,3
BRDA:20,1,0,0
BRDA:21,2,0,2
BRDA:21,3,0,1
BRDA:24,4,0,2
BRDA:27,5,0,0
BRDA:28,6,0,0
BRDA:32,7,0,0
BRDA:70,8,0,0
BRDA:74,9,0,0
BRDA:77,10,0,0
BRDA:82,11,0,1
BRDA:84,12,0,0
BRDA:87,13,0,0
BRDA:91,14,0,0
BRDA:99,15,0,0
BRDA:100,16,0,0
BRDA:106,17,0,937
BRDA:111,18,0,0
BRDA:113,19,0,1302
BRF:20
BRH:7
end_of_record
TN:
SF:src/ics.ts
FN:9,escapeICS
FN:17,toYYYYMMDD
FN:21,parseDate
FN:27,daysBetween
FN:32,ageInWeeks
FN:37,isMonday
FN:41,hashSeed
FN:50,shuffledIndices
FN:63,vevent
FN:92,generateICS
FN:119,walkMins
FNF:11
FNH:11
FNDA:1452,escapeICS
FNDA:782,toYYYYMMDD
FNDA:18,parseDate
FNDA:620,daysBetween
FNDA:279,ageInWeeks
FNDA:279,isMonday
FNDA:7,hashSeed
FNDA:7,shuffledIndices
FNDA:391,vevent
FNDA:9,generateICS
FNDA:279,walkMins
DA:1,1
DA:9,1452
DA:10,1452
DA:11,1452
DA:12,1452
DA:13,1452
DA:14,1452
DA:15,1452
DA:17,782
DA:18,782
DA:19,782
DA:21,18
DA:22,18
DA:23,16
DA:24,18
DA:25,18
DA:27,620
DA:28,620
DA:29,620
DA:30,620
DA:32,279
DA:33,279
DA:34,279
DA:35,279
DA:37,279
DA:38,279
DA:39,279
DA:41,7
DA:42,7
DA:43,7
DA:44,245
DA:45,245
DA:46,245
DA:47,7
DA:48,7
DA:50,7
DA:51,7
DA:52,7
DA:53,7
DA:54,7
DA:55,7
DA:56,7
DA:57,7
DA:58,7
DA:59,7
DA:60,7
DA:61,7
DA:63,391
DA:64,391
DA:65,391
DA:66,391
DA:67,391
DA:68,391
DA:69,391
DA:70,391
DA:71,391
DA:72,391
DA:73,391
DA:74,391
DA:75,391
DA:76,391
DA:77,391
DA:78,391
DA:79,391
DA:80,391
DA:81,391
DA:82,391
DA:83,391
DA:84,391
DA:85,391
DA:86,391
DA:87,391
DA:88,391
DA:89,391
DA:90,391
DA:92,1
DA:93,9
DA:94,9
DA:95,9
DA:96,9
DA:98,7
DA:99,7
DA:100,7
DA:102,7
DA:103,7
DA:104,7
DA:105,7
DA:106,7
DA:107,7
DA:108,7
DA:110,7
DA:111,7
DA:112,7
DA:114,7
DA:115,7
DA:116,7
DA:117,7
DA:118,7
DA:119,7
DA:120,7
DA:121,7
DA:122,7
DA:124,9
DA:125,279
DA:126,279
DA:127,279
DA:128,279
DA:129,279
DA:130,279
DA:131,279
DA:132,279
DA:133,279
DA:134,279
DA:135,279
DA:136,279
DA:137,279
DA:139,279
DA:140,43
DA:141,43
DA:142,43
DA:143,43
DA:145,279
DA:146,279
DA:147,279
DA:148,0
DA:149,0
DA:150,0
DA:151,0
DA:152,0
DA:153,0
DA:154,0
DA:155,0
DA:157,279
DA:158,31
DA:159,31
DA:160,31
DA:161,31
DA:162,31
DA:163,31
DA:164,62
DA:165,62
DA:166,62
DA:167,62
DA:168,31
DA:170,279
DA:171,279
DA:173,7
DA:174,7
DA:175,7
LF:149
LH:141
BRDA:9,0,0,1452
BRDA:17,1,0,782
BRDA:21,2,0,18
BRDA:22,3,0,17
BRDA:22,4,0,2
BRDA:22,5,0,16
BRDA:24,6,0,0
BRDA:24,7,0,16
BRDA:27,8,0,620
BRDA:32,9,0,279
BRDA:37,10,0,279
BRDA:41,11,0,7
BRDA:43,12,0,245
BRDA:50,13,0,7
BRDA:52,14,0,0
BRDA:51,15,0,14
BRDA:63,16,0,391
BRDA:75,17,0,0
BRDA:76,18,0,279
BRDA:76,19,0,112
BRDA:92,20,0,9
BRDA:93,21,0,0
BRDA:96,22,0,8
BRDA:96,23,0,2
BRDA:96,24,0,7
BRDA:124,25,0,279
BRDA:129,26,0,7
BRDA:129,27,0,0
BRDA:130,28,0,0
BRDA:131,29,0,0
BRDA:132,30,0,0
BRDA:139,31,0,43
BRDA:146,32,0,0
BRDA:147,33,0,0
BRDA:147,34,0,0
BRDA:157,35,0,31
BRDA:157,36,0,31
BRDA:160,37,0,0
BRDA:163,38,0,62
BRDA:171,39,0,7
BRDA:119,40,0,279
BRF:41
BRH:29
end_of_record
TN:
SF:src/metadata.ts
FN:17,ensureMeta
FN:32,ensureCanonical
FN:42,composePlannerMetadata
FN:74,applyPlannerMetadata
FNF:4
FNH:1
FNDA:0,ensureMeta
FNDA:0,ensureCanonical
FNDA:2,composePlannerMetadata
FNDA:0,applyPlannerMetadata
DA:17,0
DA:18,0
DA:19,0
DA:20,0
DA:21,0
DA:22,0
DA:23,0
DA:24,0
DA:25,0
DA:26,0
DA:27,0
DA:28,0
DA:29,0
DA:30,0
DA:32,0
DA:33,0
DA:34,0
DA:35,0
DA:36,0
DA:37,0
DA:38,0
DA:39,0
DA:40,0
DA:42,1
DA:43,2
DA:44,2
DA:45,2
DA:47,2
DA:48,2
DA:49,2
DA:50,2
DA:51,2
DA:52,2
DA:53,2
DA:54,2
DA:55,2
DA:56,2
DA:57,2
DA:58,2
DA:59,2
DA:60,2
DA:61,2
DA:62,2
DA:63,2
DA:64,2
DA:65,1
DA:66,1
DA:67,0
DA:68,1
DA:69,2
DA:70,2
DA:71,2
DA:72,2
DA:74,1
DA:75,0
DA:76,0
DA:77,0
DA:78,0
DA:79,0
DA:80,0
DA:81,0
DA:82,0
DA:83,0
DA:84,0
DA:86,0
DA:87,0
DA:88,0
DA:89,0
DA:90,0
DA:91,0
DA:92,0
DA:93,0
DA:94,0
DA:95,0
LF:74
LH:30
BRDA:42,0,0,2
BRDA:44,1,0,1
BRDA:44,2,0,1
BRDA:44,3,0,0
BRDA:64,4,0,1
BRDA:65,5,0,1
BRDA:66,6,0,0
BRF:7
BRH:5
end_of_record
TN:
SF:src/sharing.ts
FN:11,encoded
FN:15,buildShareTarget
FNF:2
FNH:2
FNDA:11,encoded
FNDA:5,buildShareTarget
DA:3,1
DA:4,1
DA:5,1
DA:6,1
DA:7,1
DA:8,1
DA:9,1
DA:11,11
DA:12,11
DA:13,11
DA:15,1
DA:16,5
DA:17,5
DA:18,5
DA:20,5
DA:21,5
DA:22,1
DA:23,5
DA:24,1
DA:25,5
DA:26,1
DA:27,5
DA:28,1
DA:29,5
DA:30,1
DA:31,5
DA:32,0
DA:33,5
DA:34,5
LF:29
LH:28
BRDA:11,0,0,11
BRDA:15,1,0,5
BRDA:21,2,0,1
BRDA:23,3,0,1
BRDA:25,4,0,1
BRDA:27,5,0,1
BRDA:29,6,0,1
BRDA:31,7,0,0
BRF:8
BRH:7
end_of_record
TN:
SF:src/validation.ts
FN:24,validate
FN:58,isValid
FNF:2
FNH:1
FNDA:2,validate
FNDA:0,isValid
DA:24,1
DA:25,2
DA:27,2
DA:28,2
DA:29,1
DA:30,1
DA:31,1
DA:32,1
DA:33,1
DA:34,1
DA:36,2
DA:37,2
DA:38,1
DA:39,1
DA:41,2
DA:42,2
DA:43,1
DA:44,1
DA:45,1
DA:46,1
DA:47,1
DA:49,2
DA:50,1
DA:51,1
DA:52,1
DA:53,1
DA:55,2
DA:56,2
DA:58,1
DA:59,0
DA:60,0
LF:31
LH:29
BRDA:24,0,0,2
BRDA:28,1,0,1
BRDA:32,2,0,0
BRDA:33,3,0,0
BRDA:37,4,0,1
BRDA:37,5,0,1
BRDA:42,6,0,1
BRDA:46,7,0,0
BRDA:49,8,0,1
BRF:9
BRH:6
end_of_record
TN:
SF:src/food/catalog.ts
FN:18,getSupplierCatalog
FN:22,getAllFoods
FN:26,validateCatalog
FN:38,findFoodById
FNF:4
FNH:3
FNDA:0,getSupplierCatalog
FNDA:3,getAllFoods
FNDA:1,validateCatalog
FNDA:1,findFoodById
DA:1,1
DA:7,1
DA:8,1
DA:9,1
DA:10,1
DA:11,1
DA:18,1
DA:19,0
DA:20,0
DA:22,1
DA:23,3
DA:24,3
DA:26,1
DA:27,1
DA:28,1
DA:30,1
DA:31,5
DA:32,5
DA:33,1
DA:35,1
DA:36,1
DA:38,1
DA:39,1
DA:40,1
LF:24
LH:22
BRDA:22,0,0,3
BRDA:26,1,0,1
BRDA:30,2,0,5
BRDA:38,3,0,1
BRDA:39,4,0,1
BRF:5
BRH:5
end_of_record
TN:
SF:src/food/mixed.ts
FN:13,clampWetPercent
FN:20,findDefaultSecondFood
FN:33,isValidWetDryPair
FN:49,canApplyMixedSplit
FN:53,splitDailyGrams
FNF:5
FNH:5
FNDA:14,clampWetPercent
FNDA:1,findDefaultSecondFood
FNDA:3,isValidWetDryPair
FNDA:2,canApplyMixedSplit
FNDA:3,splitDailyGrams
DA:3,1
DA:4,1
DA:5,1
DA:6,1
DA:13,1
DA:14,14
DA:15,1
DA:16,1
DA:17,13
DA:18,13
DA:20,1
DA:21,1
DA:22,1
DA:23,1
DA:24,1
DA:25,0
DA:26,0
DA:27,1
DA:28,1
DA:29,1
DA:31,1
DA:33,1
DA:34,3
DA:35,3
DA:36,3
DA:37,3
DA:38,1
DA:39,1
DA:40,3
DA:41,1
DA:42,1
DA:43,1
DA:44,1
DA:45,0
DA:47,3
DA:49,1
DA:50,2
DA:51,2
DA:53,1
DA:54,3
DA:55,3
DA:56,3
DA:57,3
DA:58,3
DA:59,3
DA:60,3
LF:46
LH:43
BRDA:13,0,0,14
BRDA:14,1,0,1
BRDA:16,2,0,13
BRDA:20,3,0,1
BRDA:24,4,0,0
BRDA:27,5,0,0
BRDA:29,6,0,0
BRDA:29,7,0,2
BRDA:29,8,0,1
BRDA:33,9,0,3
BRDA:37,10,0,1
BRDA:39,11,0,2
BRDA:40,12,0,1
BRDA:44,13,0,0
BRDA:49,14,0,2
BRDA:53,15,0,3
BRF:16
BRH:12
end_of_record
TN:
SF:src/food/portion.ts
FN:23,ageFactor
FN:30,calculateDailyPortion
FNF:2
FNH:2
FNDA:4,ageFactor
FNDA:4,calculateDailyPortion
DA:3,1
DA:4,1
DA:5,1
DA:6,1
DA:7,1
DA:9,1
DA:10,1
DA:11,1
DA:12,1
DA:13,1
DA:14,1
DA:16,1
DA:17,1
DA:18,1
DA:19,1
DA:21,1
DA:23,4
DA:24,4
DA:25,4
DA:26,0
DA:27,0
DA:28,0
DA:30,1
DA:31,4
DA:32,4
DA:33,4
DA:34,4
DA:35,4
DA:36,4
DA:37,4
DA:38,4
DA:39,4
DA:40,4
DA:42,4
DA:43,4
DA:45,4
DA:46,4
DA:47,4
DA:48,4
DA:49,4
DA:50,4
DA:51,4
DA:52,4
DA:53,4
DA:54,4
LF:45
LH:42
BRDA:23,0,0,4
BRDA:24,1,0,0
BRDA:25,2,0,0
BRDA:30,3,0,4
BRDA:33,4,0,0
BRDA:42,5,0,3
BRDA:42,6,0,3
BRDA:42,7,0,1
BRDA:50,8,0,3
BRDA:50,9,0,1
BRF:10
BRH:7
end_of_record
TN:
SF:src/food/profile.ts
FN:8,getFoodProfile
FN:17,toDisplayedAge
FN:24,fromDisplayedAge
FN:35,resetForProfileSwitch
FNF:4
FNH:4
FNDA:2,getFoodProfile
FNDA:2,toDisplayedAge
FNDA:2,fromDisplayedAge
FNDA:2,resetForProfileSwitch
DA:8,1
DA:9,2
DA:10,0
DA:11,0
DA:12,2
DA:13,2
DA:14,2
DA:15,2
DA:17,1
DA:18,2
DA:19,1
DA:20,1
DA:21,2
DA:22,2
DA:24,1
DA:25,2
DA:26,0
DA:27,0
DA:28,2
DA:29,1
DA:30,1
DA:31,1
DA:32,1
DA:33,1
DA:35,1
DA:36,2
DA:37,2
DA:38,2
DA:39,2
DA:40,2
DA:41,2
DA:42,0
DA:43,0
DA:45,2
DA:46,1
DA:47,1
DA:48,1
DA:49,1
DA:50,1
DA:51,1
DA:52,1
DA:53,1
DA:55,1
DA:56,1
DA:57,1
DA:58,1
DA:59,1
DA:60,1
DA:61,1
DA:62,1
LF:50
LH:44
BRDA:8,0,0,2
BRDA:9,1,0,0
BRDA:13,2,0,0
BRDA:17,3,0,2
BRDA:18,4,0,1
BRDA:21,5,0,0
BRDA:24,6,0,2
BRDA:25,7,0,0
BRDA:28,8,0,1
BRDA:35,9,0,2
BRDA:41,10,0,0
BRDA:45,11,0,1
BRF:12
BRH:7
end_of_record
TN:
SF:src/food/schema.ts
FN:3,isNonEmptyString
FN:7,isPositiveNumber
FN:11,isNonNegativeNumber
FN:15,isIsoDate
FN:21,validateFoodEntry
FNF:5
FNH:5
FNDA:80,isNonEmptyString
FNDA:28,isPositiveNumber
FNDA:8,isNonNegativeNumber
FNDA:8,isIsoDate
FNDA:8,validateFoodEntry
DA:3,80
DA:4,80
DA:5,80
DA:7,28
DA:8,28
DA:9,28
DA:11,8
DA:12,8
DA:13,8
DA:15,8
DA:16,8
DA:17,7
DA:18,7
DA:19,7
DA:21,1
DA:22,8
DA:24,8
DA:25,8
DA:26,8
DA:27,8
DA:28,8
DA:29,8
DA:30,8
DA:31,8
DA:32,0
DA:33,0
DA:34,8
DA:35,8
DA:36,0
DA:37,0
DA:38,8
DA:39,0
DA:40,8
DA:41,8
DA:42,0
DA:43,0
DA:44,8
DA:45,0
DA:46,0
DA:47,8
DA:48,0
DA:49,0
DA:50,8
DA:51,0
DA:52,0
DA:53,8
DA:55,8
DA:56,0
DA:57,0
DA:60,8
DA:61,8
DA:62,0
DA:63,8
DA:64,1
DA:65,1
DA:68,8
DA:69,4
DA:70,0
DA:71,0
DA:72,4
DA:73,0
DA:74,0
DA:75,4
DA:77,8
DA:78,8
LF:65
LH:45
BRDA:3,0,0,80
BRDA:7,1,0,28
BRDA:11,2,0,8
BRDA:15,3,0,8
BRDA:16,4,0,1
BRDA:16,5,0,7
BRDA:21,6,0,8
BRDA:24,7,0,0
BRDA:25,8,0,0
BRDA:26,9,0,0
BRDA:27,10,0,0
BRDA:28,11,0,0
BRDA:29,12,0,0
BRDA:30,13,0,0
BRDA:31,14,0,3
BRDA:31,15,0,0
BRDA:34,16,0,0
BRDA:35,17,0,0
BRDA:38,18,0,0
BRDA:41,19,0,0
BRDA:44,20,0,0
BRDA:47,21,0,0
BRDA:50,22,0,0
BRDA:55,23,0,0
BRDA:60,24,0,1
BRDA:61,25,0,0
BRDA:63,26,0,1
BRDA:68,27,0,4
BRDA:69,28,0,0
BRDA:72,29,0,0
BRDA:72,30,0,0
BRF:31
BRH:11
end_of_record
TN:
SF:src/food/types.ts
FN:1,(empty-report)
FNF:1
FNH:1
FNDA:1,(empty-report)
LF:0
LH:0
BRDA:1,0,0,1
BRF:1
BRH:1
end_of_record
